{"startTime":"2024-10-11T07:19:25.910Z","categoryName":"default","data":["init express"],"level":"DEBUG","functionName":"","fileName":"file:///home/gremmel/prog/nodejs/basic-app/server/app.js:12","lineNumber":12},
{"startTime":"2024-10-11T07:19:25.912Z","categoryName":"default","data":["init socket IO"],"level":"DEBUG","functionName":"","fileName":"file:///home/gremmel/prog/nodejs/basic-app/server/app.js:17","lineNumber":17},
{"startTime":"2024-10-11T07:19:25.915Z","categoryName":"default","data":["App listening on port",3000],"level":"INFO","functionName":"<anonymous>","fileName":"file:///home/gremmel/prog/nodejs/basic-app/server/lib/express.js:27","lineNumber":27},
{"startTime":"2024-10-11T07:19:25.915Z","categoryName":"default","data":["require vueController","AppHeader.js"],"level":"INFO","functionName":"requireViewController","fileName":"file:///home/gremmel/prog/nodejs/basic-app/server/lib/socketIo.js:26","lineNumber":26},
{"startTime":"2024-10-11T07:20:26.739Z","categoryName":"default","data":["init express"],"level":"DEBUG","functionName":"","fileName":"file:///home/gremmel/prog/nodejs/basic-app/server/app.js:12","lineNumber":12},
{"startTime":"2024-10-11T07:20:26.741Z","categoryName":"default","data":["init socket IO"],"level":"DEBUG","functionName":"","fileName":"file:///home/gremmel/prog/nodejs/basic-app/server/app.js:17","lineNumber":17},
{"startTime":"2024-10-11T07:20:26.743Z","categoryName":"default","data":["App listening on port",3000],"level":"INFO","functionName":"<anonymous>","fileName":"file:///home/gremmel/prog/nodejs/basic-app/server/lib/express.js:27","lineNumber":27},
{"startTime":"2024-10-11T07:20:26.744Z","categoryName":"default","data":["require vueController","AppHeader.js"],"level":"INFO","functionName":"requireViewController","fileName":"file:///home/gremmel/prog/nodejs/basic-app/server/lib/socketIo.js:26","lineNumber":26},
{"startTime":"2024-10-11T07:20:26.745Z","categoryName":"default","data":["start in AppHeader"],"level":"INFO","functionName":"start","fileName":"file:///home/gremmel/prog/nodejs/basic-app/server/lib/vueController/AppHeader.js:9","lineNumber":9},
{"startTime":"2024-10-11T07:20:26.746Z","categoryName":"default","data":["require vueController","HomeView.js"],"level":"INFO","functionName":"requireViewController","fileName":"file:///home/gremmel/prog/nodejs/basic-app/server/lib/socketIo.js:26","lineNumber":26},
{"startTime":"2024-10-11T07:20:26.748Z","categoryName":"default","data":["start in HomeView"],"level":"INFO","functionName":"start","fileName":"file:///home/gremmel/prog/nodejs/basic-app/server/lib/vueController/HomeView.js:7","lineNumber":7},
{"startTime":"2024-10-11T07:20:40.289Z","categoryName":"default","data":["io connection","q-gffyLVRTowGo9ZAAAB"],"level":"INFO","functionName":"<anonymous>","fileName":"file:///home/gremmel/prog/nodejs/basic-app/server/lib/socketIo.js:49","lineNumber":49},
{"startTime":"2024-10-11T07:20:40.294Z","categoryName":"default","data":["Funktion >init< in Modul >AppHeader.js< ist nicht vorhanden"],"level":"ERROR","functionName":"<anonymous>","fileName":"file:///home/gremmel/prog/nodejs/basic-app/server/lib/socketIo.js:59","lineNumber":59},
{"startTime":"2024-10-11T07:20:40.398Z","categoryName":"default","data":["Funktion >init< in Modul >HomeView.js< ist nicht vorhanden"],"level":"ERROR","functionName":"<anonymous>","fileName":"file:///home/gremmel/prog/nodejs/basic-app/server/lib/socketIo.js:59","lineNumber":59},
{"startTime":"2024-10-11T07:20:51.036Z","categoryName":"default","data":["Funktion >init< in Modul >HomeView.js< ist nicht vorhanden"],"level":"ERROR","functionName":"<anonymous>","fileName":"file:///home/gremmel/prog/nodejs/basic-app/server/lib/socketIo.js:59","lineNumber":59},
{"startTime":"2024-10-11T07:20:52.390Z","categoryName":"default","data":["Funktion >init< in Modul >HomeView.js< ist nicht vorhanden"],"level":"ERROR","functionName":"<anonymous>","fileName":"file:///home/gremmel/prog/nodejs/basic-app/server/lib/socketIo.js:59","lineNumber":59},
{"startTime":"2024-10-11T07:23:29.852Z","categoryName":"default","data":["init express"],"level":"DEBUG","functionName":"","fileName":"file:///home/gremmel/prog/nodejs/basic-app/server/app.js:12","lineNumber":12},
{"startTime":"2024-10-11T07:23:29.855Z","categoryName":"default","data":["init socket IO"],"level":"DEBUG","functionName":"","fileName":"file:///home/gremmel/prog/nodejs/basic-app/server/app.js:17","lineNumber":17},
{"startTime":"2024-10-11T07:23:29.857Z","categoryName":"default","data":["App listening on port",3000],"level":"INFO","functionName":"<anonymous>","fileName":"file:///home/gremmel/prog/nodejs/basic-app/server/lib/express.js:27","lineNumber":27},
{"startTime":"2024-10-11T07:23:29.858Z","categoryName":"default","data":["require vueController","AppHeader.js"],"level":"INFO","functionName":"requireViewController","fileName":"file:///home/gremmel/prog/nodejs/basic-app/server/lib/socketIo.js:26","lineNumber":26},
{"startTime":"2024-10-11T07:23:29.865Z","categoryName":"default","data":["start in AppHeader"],"level":"INFO","functionName":"start","fileName":"file:///home/gremmel/prog/nodejs/basic-app/server/lib/vueController/AppHeader.js:9","lineNumber":9},
{"startTime":"2024-10-11T07:23:29.865Z","categoryName":"default","data":["require vueController","HomeView.js"],"level":"INFO","functionName":"requireViewController","fileName":"file:///home/gremmel/prog/nodejs/basic-app/server/lib/socketIo.js:26","lineNumber":26},
{"startTime":"2024-10-11T07:23:29.870Z","categoryName":"default","data":["start in HomeView"],"level":"INFO","functionName":"start","fileName":"file:///home/gremmel/prog/nodejs/basic-app/server/lib/vueController/HomeView.js:7","lineNumber":7},
{"startTime":"2024-10-11T07:23:47.386Z","categoryName":"default","data":["io connection","PI_7yo1nac_gdsLaAAAB"],"level":"INFO","functionName":"<anonymous>","fileName":"file:///home/gremmel/prog/nodejs/basic-app/server/lib/socketIo.js:49","lineNumber":49},
{"startTime":"2024-10-11T07:24:41.386Z","categoryName":"default","data":["Funktion >init< in Modul >AppHeader.js< ist nicht vorhanden"],"level":"ERROR","functionName":"<anonymous>","fileName":"file:///home/gremmel/prog/nodejs/basic-app/server/lib/socketIo.js:59","lineNumber":59},
{"startTime":"2024-10-11T07:25:26.129Z","categoryName":"default","data":["init express"],"level":"DEBUG","functionName":"","fileName":"file:///home/gremmel/prog/nodejs/basic-app/server/app.js:12","lineNumber":12},
{"startTime":"2024-10-11T07:25:26.131Z","categoryName":"default","data":["init socket IO"],"level":"DEBUG","functionName":"","fileName":"file:///home/gremmel/prog/nodejs/basic-app/server/app.js:17","lineNumber":17},
{"startTime":"2024-10-11T07:25:26.134Z","categoryName":"default","data":["App listening on port",3000],"level":"INFO","functionName":"<anonymous>","fileName":"file:///home/gremmel/prog/nodejs/basic-app/server/lib/express.js:27","lineNumber":27},
{"startTime":"2024-10-11T07:25:26.134Z","categoryName":"default","data":["require vueController","AppHeader.js"],"level":"INFO","functionName":"requireViewController","fileName":"file:///home/gremmel/prog/nodejs/basic-app/server/lib/socketIo.js:26","lineNumber":26},
{"startTime":"2024-10-11T07:25:26.137Z","categoryName":"default","data":["start in AppHeader"],"level":"INFO","functionName":"start","fileName":"file:///home/gremmel/prog/nodejs/basic-app/server/lib/vueController/AppHeader.js:9","lineNumber":9},
{"startTime":"2024-10-11T07:25:26.138Z","categoryName":"default","data":["require vueController","HomeView.js"],"level":"INFO","functionName":"requireViewController","fileName":"file:///home/gremmel/prog/nodejs/basic-app/server/lib/socketIo.js:26","lineNumber":26},
{"startTime":"2024-10-11T07:25:26.141Z","categoryName":"default","data":["start in HomeView"],"level":"INFO","functionName":"start","fileName":"file:///home/gremmel/prog/nodejs/basic-app/server/lib/vueController/HomeView.js:7","lineNumber":7},
{"startTime":"2024-10-11T07:25:29.294Z","categoryName":"default","data":["io connection","QYK_0a5-KARTa6pPAAAB"],"level":"INFO","functionName":"<anonymous>","fileName":"file:///home/gremmel/prog/nodejs/basic-app/server/lib/socketIo.js:49","lineNumber":49},
{"startTime":"2024-10-11T07:25:50.439Z","categoryName":"default","data":["Funktion >init< in Modul >AppHeader.js< ist nicht vorhanden"],"level":"ERROR","functionName":"<anonymous>","fileName":"file:///home/gremmel/prog/nodejs/basic-app/server/lib/socketIo.js:59","lineNumber":59},
{"startTime":"2024-10-11T07:41:15.483Z","categoryName":"default","data":["init express"],"level":"DEBUG","functionName":"","fileName":"file:///home/gremmel/prog/nodejs/basic-app/server/app.js:12","lineNumber":12},
{"startTime":"2024-10-11T07:41:15.485Z","categoryName":"default","data":["init socket IO"],"level":"DEBUG","functionName":"","fileName":"file:///home/gremmel/prog/nodejs/basic-app/server/app.js:17","lineNumber":17},
{"startTime":"2024-10-11T07:41:15.488Z","categoryName":"default","data":["App listening on port",3000],"level":"INFO","functionName":"<anonymous>","fileName":"file:///home/gremmel/prog/nodejs/basic-app/server/lib/express.js:27","lineNumber":27},
{"startTime":"2024-10-11T07:41:15.488Z","categoryName":"default","data":["require vueController","AppHeader.js"],"level":"INFO","functionName":"requireViewController","fileName":"file:///home/gremmel/prog/nodejs/basic-app/server/lib/socketIo.js:25","lineNumber":25},
{"startTime":"2024-10-11T07:43:34.406Z","categoryName":"default","data":["init express"],"level":"DEBUG","functionName":"","fileName":"file:///home/gremmel/prog/nodejs/basic-app/server/app.js:12","lineNumber":12},
{"startTime":"2024-10-11T07:43:34.408Z","categoryName":"default","data":["init socket IO"],"level":"DEBUG","functionName":"","fileName":"file:///home/gremmel/prog/nodejs/basic-app/server/app.js:17","lineNumber":17},
{"startTime":"2024-10-11T07:43:34.410Z","categoryName":"default","data":["App listening on port",3000],"level":"INFO","functionName":"<anonymous>","fileName":"file:///home/gremmel/prog/nodejs/basic-app/server/lib/express.js:27","lineNumber":27},
{"startTime":"2024-10-11T07:43:34.411Z","categoryName":"default","data":["require vueController","AppHeader.js"],"level":"INFO","functionName":"requireViewController","fileName":"file:///home/gremmel/prog/nodejs/basic-app/server/lib/socketIo.js:25","lineNumber":25},
{"startTime":"2024-10-11T07:43:34.414Z","categoryName":"default","data":["start in AppHeader"],"level":"INFO","functionName":"start","fileName":"file:///home/gremmel/prog/nodejs/basic-app/server/lib/vueController/AppHeader.js:9","lineNumber":9},
{"startTime":"2024-10-11T07:43:34.415Z","categoryName":"default","data":["require vueController","HomeView.js"],"level":"INFO","functionName":"requireViewController","fileName":"file:///home/gremmel/prog/nodejs/basic-app/server/lib/socketIo.js:25","lineNumber":25},
{"startTime":"2024-10-11T07:43:34.417Z","categoryName":"default","data":["start in HomeView"],"level":"INFO","functionName":"start","fileName":"file:///home/gremmel/prog/nodejs/basic-app/server/lib/vueController/HomeView.js:7","lineNumber":7},
{"startTime":"2024-10-11T07:43:38.749Z","categoryName":"default","data":["io connection","SPeryQOZG5u8U4MGAAAB"],"level":"INFO","functionName":"<anonymous>","fileName":"file:///home/gremmel/prog/nodejs/basic-app/server/lib/socketIo.js:48","lineNumber":48},
{"startTime":"2024-10-11T07:45:51.845Z","categoryName":"default","data":["init express"],"level":"DEBUG","functionName":"","fileName":"file:///home/gremmel/prog/nodejs/basic-app/server/app.js:12","lineNumber":12},
{"startTime":"2024-10-11T07:45:51.848Z","categoryName":"default","data":["init socket IO"],"level":"DEBUG","functionName":"","fileName":"file:///home/gremmel/prog/nodejs/basic-app/server/app.js:17","lineNumber":17},
{"startTime":"2024-10-11T07:45:51.851Z","categoryName":"default","data":["App listening on port",3000],"level":"INFO","functionName":"<anonymous>","fileName":"file:///home/gremmel/prog/nodejs/basic-app/server/lib/express.js:27","lineNumber":27},
{"startTime":"2024-10-11T07:45:51.851Z","categoryName":"default","data":["require vueController","AppHeader.js"],"level":"INFO","functionName":"requireViewController","fileName":"file:///home/gremmel/prog/nodejs/basic-app/server/lib/socketIo.js:25","lineNumber":25},
{"startTime":"2024-10-11T07:45:51.854Z","categoryName":"default","data":["start in AppHeader"],"level":"INFO","functionName":"start","fileName":"file:///home/gremmel/prog/nodejs/basic-app/server/lib/vueController/AppHeader.js:9","lineNumber":9},
{"startTime":"2024-10-11T07:45:51.854Z","categoryName":"default","data":["require vueController","HomeView.js"],"level":"INFO","functionName":"requireViewController","fileName":"file:///home/gremmel/prog/nodejs/basic-app/server/lib/socketIo.js:25","lineNumber":25},
{"startTime":"2024-10-11T07:45:51.857Z","categoryName":"default","data":["start in HomeView"],"level":"INFO","functionName":"start","fileName":"file:///home/gremmel/prog/nodejs/basic-app/server/lib/vueController/HomeView.js:7","lineNumber":7},
{"startTime":"2024-10-11T07:45:55.000Z","categoryName":"default","data":["init express"],"level":"DEBUG","functionName":"","fileName":"file:///home/gremmel/prog/nodejs/basic-app/server/app.js:12","lineNumber":12},
{"startTime":"2024-10-11T07:45:55.003Z","categoryName":"default","data":["init socket IO"],"level":"DEBUG","functionName":"","fileName":"file:///home/gremmel/prog/nodejs/basic-app/server/app.js:17","lineNumber":17},
{"startTime":"2024-10-11T07:45:55.005Z","categoryName":"default","data":["App listening on port",3000],"level":"INFO","functionName":"<anonymous>","fileName":"file:///home/gremmel/prog/nodejs/basic-app/server/lib/express.js:27","lineNumber":27},
{"startTime":"2024-10-11T07:45:55.006Z","categoryName":"default","data":["require vueController","AppHeader.js"],"level":"INFO","functionName":"requireViewController","fileName":"file:///home/gremmel/prog/nodejs/basic-app/server/lib/socketIo.js:25","lineNumber":25},
{"startTime":"2024-10-11T07:45:55.009Z","categoryName":"default","data":["start in AppHeader"],"level":"INFO","functionName":"start","fileName":"file:///home/gremmel/prog/nodejs/basic-app/server/lib/vueController/AppHeader.js:9","lineNumber":9},
{"startTime":"2024-10-11T07:45:55.009Z","categoryName":"default","data":["require vueController","HomeView.js"],"level":"INFO","functionName":"requireViewController","fileName":"file:///home/gremmel/prog/nodejs/basic-app/server/lib/socketIo.js:25","lineNumber":25},
{"startTime":"2024-10-11T07:45:55.012Z","categoryName":"default","data":["start in HomeView"],"level":"INFO","functionName":"start","fileName":"file:///home/gremmel/prog/nodejs/basic-app/server/lib/vueController/HomeView.js:7","lineNumber":7},
{"startTime":"2024-10-11T07:45:55.567Z","categoryName":"default","data":["io connection","MAdT8XkXyxx__QqmAAAB"],"level":"INFO","functionName":"<anonymous>","fileName":"file:///home/gremmel/prog/nodejs/basic-app/server/lib/socketIo.js:52","lineNumber":52},
{"startTime":"2024-10-11T07:45:55.573Z","categoryName":"default","data":["Modul AppHeader.js ist nicht vorhanden",{"type":2,"nsp":"/","data":["AppHeader",{"callFunction":"init","payload":"Hallo vom Client"}]}],"level":"ERROR","functionName":"<anonymous>","fileName":"file:///home/gremmel/prog/nodejs/basic-app/server/lib/socketIo.js:65","lineNumber":65},
{"startTime":"2024-10-11T07:45:55.576Z","categoryName":"default","data":["Modul HomeView.js ist nicht vorhanden",{"type":2,"nsp":"/","data":["HomeView",{"callFunction":"init","payload":"hallo vom client"}]}],"level":"ERROR","functionName":"<anonymous>","fileName":"file:///home/gremmel/prog/nodejs/basic-app/server/lib/socketIo.js:65","lineNumber":65},
{"startTime":"2024-10-11T07:46:03.023Z","categoryName":"default","data":["client disconnect","MAdT8XkXyxx__QqmAAAB"],"level":"INFO","functionName":"<anonymous>","fileName":"file:///home/gremmel/prog/nodejs/basic-app/server/lib/socketIo.js:71","lineNumber":71},
{"startTime":"2024-10-11T07:46:03.108Z","categoryName":"default","data":["io connection","iYTvQWCZmTk6o-rPAAAD"],"level":"INFO","functionName":"<anonymous>","fileName":"file:///home/gremmel/prog/nodejs/basic-app/server/lib/socketIo.js:52","lineNumber":52},
{"startTime":"2024-10-11T07:46:03.113Z","categoryName":"default","data":["Modul AppHeader.js ist nicht vorhanden",{"type":2,"nsp":"/","data":["AppHeader",{"callFunction":"init","payload":"Hallo vom Client"}]}],"level":"ERROR","functionName":"<anonymous>","fileName":"file:///home/gremmel/prog/nodejs/basic-app/server/lib/socketIo.js:65","lineNumber":65},
{"startTime":"2024-10-11T07:46:03.215Z","categoryName":"default","data":["Modul HomeView.js ist nicht vorhanden",{"type":2,"nsp":"/","data":["HomeView",{"callFunction":"init","payload":"hallo vom client"}]}],"level":"ERROR","functionName":"<anonymous>","fileName":"file:///home/gremmel/prog/nodejs/basic-app/server/lib/socketIo.js:65","lineNumber":65},
{"startTime":"2024-10-11T07:46:10.690Z","categoryName":"default","data":["Modul HomeView.js ist nicht vorhanden",{"type":2,"nsp":"/","data":["HomeView",{"callFunction":"init","payload":"hallo vom client"}]}],"level":"ERROR","functionName":"<anonymous>","fileName":"file:///home/gremmel/prog/nodejs/basic-app/server/lib/socketIo.js:65","lineNumber":65},
{"startTime":"2024-10-11T07:46:15.961Z","categoryName":"default","data":["client disconnect","iYTvQWCZmTk6o-rPAAAD"],"level":"INFO","functionName":"<anonymous>","fileName":"file:///home/gremmel/prog/nodejs/basic-app/server/lib/socketIo.js:71","lineNumber":71},
{"startTime":"2024-10-11T07:46:16.092Z","categoryName":"default","data":["io connection","bLG1cVzTaDmzagaIAAAF"],"level":"INFO","functionName":"<anonymous>","fileName":"file:///home/gremmel/prog/nodejs/basic-app/server/lib/socketIo.js:52","lineNumber":52},
{"startTime":"2024-10-11T07:46:16.106Z","categoryName":"default","data":["Modul AppHeader.js ist nicht vorhanden",{"type":2,"nsp":"/","data":["AppHeader",{"callFunction":"init","payload":"Hallo vom Client"}]}],"level":"ERROR","functionName":"<anonymous>","fileName":"file:///home/gremmel/prog/nodejs/basic-app/server/lib/socketIo.js:65","lineNumber":65},
{"startTime":"2024-10-11T07:46:16.205Z","categoryName":"default","data":["Modul HomeView.js ist nicht vorhanden",{"type":2,"nsp":"/","data":["HomeView",{"callFunction":"init","payload":"hallo vom client"}]}],"level":"ERROR","functionName":"<anonymous>","fileName":"file:///home/gremmel/prog/nodejs/basic-app/server/lib/socketIo.js:65","lineNumber":65},
{"startTime":"2024-10-11T07:46:35.524Z","categoryName":"default","data":["client disconnect","bLG1cVzTaDmzagaIAAAF"],"level":"INFO","functionName":"<anonymous>","fileName":"file:///home/gremmel/prog/nodejs/basic-app/server/lib/socketIo.js:71","lineNumber":71},
{"startTime":"2024-10-11T07:46:35.646Z","categoryName":"default","data":["io connection","c4xlxItYLBRn6U3SAAAH"],"level":"INFO","functionName":"<anonymous>","fileName":"file:///home/gremmel/prog/nodejs/basic-app/server/lib/socketIo.js:52","lineNumber":52},
{"startTime":"2024-10-11T07:46:35.661Z","categoryName":"default","data":["Modul AppHeader.js ist nicht vorhanden",{"type":2,"nsp":"/","data":["AppHeader",{"callFunction":"init","payload":"Hallo vom Client"}]}],"level":"ERROR","functionName":"<anonymous>","fileName":"file:///home/gremmel/prog/nodejs/basic-app/server/lib/socketIo.js:65","lineNumber":65},
{"startTime":"2024-10-11T07:46:35.761Z","categoryName":"default","data":["Modul HomeView.js ist nicht vorhanden",{"type":2,"nsp":"/","data":["HomeView",{"callFunction":"init","payload":"hallo vom client"}]}],"level":"ERROR","functionName":"<anonymous>","fileName":"file:///home/gremmel/prog/nodejs/basic-app/server/lib/socketIo.js:65","lineNumber":65},
{"startTime":"2024-10-11T07:46:41.743Z","categoryName":"default","data":["init express"],"level":"DEBUG","functionName":"","fileName":"file:///home/gremmel/prog/nodejs/basic-app/server/app.js:12","lineNumber":12},
{"startTime":"2024-10-11T07:46:41.746Z","categoryName":"default","data":["init socket IO"],"level":"DEBUG","functionName":"","fileName":"file:///home/gremmel/prog/nodejs/basic-app/server/app.js:17","lineNumber":17},
{"startTime":"2024-10-11T07:46:41.749Z","categoryName":"default","data":["App listening on port",3000],"level":"INFO","functionName":"<anonymous>","fileName":"file:///home/gremmel/prog/nodejs/basic-app/server/lib/express.js:27","lineNumber":27},
{"startTime":"2024-10-11T07:46:41.749Z","categoryName":"default","data":["require vueController","AppHeader.js"],"level":"INFO","functionName":"requireViewController","fileName":"file:///home/gremmel/prog/nodejs/basic-app/server/lib/socketIo.js:25","lineNumber":25},
{"startTime":"2024-10-11T07:46:41.753Z","categoryName":"default","data":["start in AppHeader"],"level":"INFO","functionName":"start","fileName":"file:///home/gremmel/prog/nodejs/basic-app/server/lib/vueController/AppHeader.js:9","lineNumber":9},
{"startTime":"2024-10-11T07:46:41.753Z","categoryName":"default","data":["require vueController","HomeView.js"],"level":"INFO","functionName":"requireViewController","fileName":"file:///home/gremmel/prog/nodejs/basic-app/server/lib/socketIo.js:25","lineNumber":25},
{"startTime":"2024-10-11T07:46:41.756Z","categoryName":"default","data":["start in HomeView"],"level":"INFO","functionName":"start","fileName":"file:///home/gremmel/prog/nodejs/basic-app/server/lib/vueController/HomeView.js:7","lineNumber":7},
{"startTime":"2024-10-11T07:46:46.060Z","categoryName":"default","data":["io connection","qhyXxGVKGAv1jTSVAAAB"],"level":"INFO","functionName":"<anonymous>","fileName":"file:///home/gremmel/prog/nodejs/basic-app/server/lib/socketIo.js:52","lineNumber":52},
{"startTime":"2024-10-11T07:46:46.069Z","categoryName":"default","data":["Modul AppHeader.js ist nicht vorhanden",{"type":2,"nsp":"/","data":["AppHeader",{"callFunction":"init","payload":"Hallo vom Client"}]}],"level":"ERROR","functionName":"<anonymous>","fileName":"file:///home/gremmel/prog/nodejs/basic-app/server/lib/socketIo.js:65","lineNumber":65},
{"startTime":"2024-10-11T07:46:46.073Z","categoryName":"default","data":["Modul HomeView.js ist nicht vorhanden",{"type":2,"nsp":"/","data":["HomeView",{"callFunction":"init","payload":"hallo vom client"}]}],"level":"ERROR","functionName":"<anonymous>","fileName":"file:///home/gremmel/prog/nodejs/basic-app/server/lib/socketIo.js:65","lineNumber":65},
{"startTime":"2024-10-11T07:46:46.294Z","categoryName":"default","data":["io connection","d7GqkNaVdcNgULDXAAAD"],"level":"INFO","functionName":"<anonymous>","fileName":"file:///home/gremmel/prog/nodejs/basic-app/server/lib/socketIo.js:52","lineNumber":52},
{"startTime":"2024-10-11T07:46:46.306Z","categoryName":"default","data":["Modul AppHeader.js ist nicht vorhanden",{"type":2,"nsp":"/","data":["AppHeader",{"callFunction":"init","payload":"Hallo vom Client"}]}],"level":"ERROR","functionName":"<anonymous>","fileName":"file:///home/gremmel/prog/nodejs/basic-app/server/lib/socketIo.js:65","lineNumber":65},
{"startTime":"2024-10-11T07:46:46.407Z","categoryName":"default","data":["Modul HomeView.js ist nicht vorhanden",{"type":2,"nsp":"/","data":["HomeView",{"callFunction":"init","payload":"hallo vom client"}]}],"level":"ERROR","functionName":"<anonymous>","fileName":"file:///home/gremmel/prog/nodejs/basic-app/server/lib/socketIo.js:65","lineNumber":65},
{"startTime":"2024-10-11T07:46:54.894Z","categoryName":"default","data":["Modul HomeView.js ist nicht vorhanden",{"type":2,"nsp":"/","data":["HomeView",{"callFunction":"init","payload":"hallo vom client"}]}],"level":"ERROR","functionName":"<anonymous>","fileName":"file:///home/gremmel/prog/nodejs/basic-app/server/lib/socketIo.js:65","lineNumber":65},
{"startTime":"2024-10-11T07:47:14.911Z","categoryName":"default","data":["init express"],"level":"DEBUG","functionName":"","fileName":"file:///home/gremmel/prog/nodejs/basic-app/server/app.js:12","lineNumber":12},
{"startTime":"2024-10-11T07:47:14.914Z","categoryName":"default","data":["init socket IO"],"level":"DEBUG","functionName":"","fileName":"file:///home/gremmel/prog/nodejs/basic-app/server/app.js:17","lineNumber":17},
{"startTime":"2024-10-11T07:47:14.916Z","categoryName":"default","data":["App listening on port",3000],"level":"INFO","functionName":"<anonymous>","fileName":"file:///home/gremmel/prog/nodejs/basic-app/server/lib/express.js:27","lineNumber":27},
{"startTime":"2024-10-11T07:47:14.917Z","categoryName":"default","data":["require vueController","AppHeader.js"],"level":"INFO","functionName":"requireViewController","fileName":"file:///home/gremmel/prog/nodejs/basic-app/server/lib/socketIo.js:25","lineNumber":25},
{"startTime":"2024-10-11T07:47:14.919Z","categoryName":"default","data":["start in AppHeader"],"level":"INFO","functionName":"start","fileName":"file:///home/gremmel/prog/nodejs/basic-app/server/lib/vueController/AppHeader.js:9","lineNumber":9},
{"startTime":"2024-10-11T07:47:14.920Z","categoryName":"default","data":["require vueController","HomeView.js"],"level":"INFO","functionName":"requireViewController","fileName":"file:///home/gremmel/prog/nodejs/basic-app/server/lib/socketIo.js:25","lineNumber":25},
{"startTime":"2024-10-11T07:47:14.923Z","categoryName":"default","data":["start in HomeView"],"level":"INFO","functionName":"start","fileName":"file:///home/gremmel/prog/nodejs/basic-app/server/lib/vueController/HomeView.js:7","lineNumber":7},
{"startTime":"2024-10-11T07:47:16.304Z","categoryName":"default","data":["io connection","Ly0wUrHkAxAN9y7aAAAB"],"level":"INFO","functionName":"<anonymous>","fileName":"file:///home/gremmel/prog/nodejs/basic-app/server/lib/socketIo.js:52","lineNumber":52},
{"startTime":"2024-10-11T07:47:16.313Z","categoryName":"default","data":["Modul AppHeader.js ist nicht vorhanden",{"type":2,"nsp":"/","data":["AppHeader",{"callFunction":"init","payload":"Hallo vom Client"}]}],"level":"ERROR","functionName":"<anonymous>","fileName":"file:///home/gremmel/prog/nodejs/basic-app/server/lib/socketIo.js:65","lineNumber":65},
{"startTime":"2024-10-11T07:47:16.413Z","categoryName":"default","data":["Modul HomeView.js ist nicht vorhanden",{"type":2,"nsp":"/","data":["HomeView",{"callFunction":"init","payload":"hallo vom client"}]}],"level":"ERROR","functionName":"<anonymous>","fileName":"file:///home/gremmel/prog/nodejs/basic-app/server/lib/socketIo.js:65","lineNumber":65},
{"startTime":"2024-10-11T07:47:19.634Z","categoryName":"default","data":["client disconnect","Ly0wUrHkAxAN9y7aAAAB"],"level":"INFO","functionName":"<anonymous>","fileName":"file:///home/gremmel/prog/nodejs/basic-app/server/lib/socketIo.js:71","lineNumber":71},
{"startTime":"2024-10-11T07:47:19.758Z","categoryName":"default","data":["io connection","g4FfTUu0Pbwm7Q7iAAAD"],"level":"INFO","functionName":"<anonymous>","fileName":"file:///home/gremmel/prog/nodejs/basic-app/server/lib/socketIo.js:52","lineNumber":52},
{"startTime":"2024-10-11T07:47:19.785Z","categoryName":"default","data":["Modul AppHeader.js ist nicht vorhanden",{"type":2,"nsp":"/","data":["AppHeader",{"callFunction":"init","payload":"Hallo vom Client"}]}],"level":"ERROR","functionName":"<anonymous>","fileName":"file:///home/gremmel/prog/nodejs/basic-app/server/lib/socketIo.js:65","lineNumber":65},
{"startTime":"2024-10-11T07:47:19.885Z","categoryName":"default","data":["Modul HomeView.js ist nicht vorhanden",{"type":2,"nsp":"/","data":["HomeView",{"callFunction":"init","payload":"hallo vom client"}]}],"level":"ERROR","functionName":"<anonymous>","fileName":"file:///home/gremmel/prog/nodejs/basic-app/server/lib/socketIo.js:65","lineNumber":65},
{"startTime":"2024-10-11T07:47:25.493Z","categoryName":"default","data":["init express"],"level":"DEBUG","functionName":"","fileName":"file:///home/gremmel/prog/nodejs/basic-app/server/app.js:12","lineNumber":12},
{"startTime":"2024-10-11T07:47:25.496Z","categoryName":"default","data":["init socket IO"],"level":"DEBUG","functionName":"","fileName":"file:///home/gremmel/prog/nodejs/basic-app/server/app.js:17","lineNumber":17},
{"startTime":"2024-10-11T07:47:25.498Z","categoryName":"default","data":["App listening on port",3000],"level":"INFO","functionName":"<anonymous>","fileName":"file:///home/gremmel/prog/nodejs/basic-app/server/lib/express.js:27","lineNumber":27},
{"startTime":"2024-10-11T07:47:25.499Z","categoryName":"default","data":["require vueController","AppHeader.js"],"level":"INFO","functionName":"requireViewController","fileName":"file:///home/gremmel/prog/nodejs/basic-app/server/lib/socketIo.js:25","lineNumber":25},
{"startTime":"2024-10-11T07:47:25.502Z","categoryName":"default","data":["start in AppHeader"],"level":"INFO","functionName":"start","fileName":"file:///home/gremmel/prog/nodejs/basic-app/server/lib/vueController/AppHeader.js:9","lineNumber":9},
{"startTime":"2024-10-11T07:47:25.502Z","categoryName":"default","data":["require vueController","HomeView.js"],"level":"INFO","functionName":"requireViewController","fileName":"file:///home/gremmel/prog/nodejs/basic-app/server/lib/socketIo.js:25","lineNumber":25},
{"startTime":"2024-10-11T07:47:25.505Z","categoryName":"default","data":["start in HomeView"],"level":"INFO","functionName":"start","fileName":"file:///home/gremmel/prog/nodejs/basic-app/server/lib/vueController/HomeView.js:7","lineNumber":7},
{"startTime":"2024-10-11T07:47:25.681Z","categoryName":"default","data":["io connection","8V8UEMij8FCLqBhxAAAB"],"level":"INFO","functionName":"<anonymous>","fileName":"file:///home/gremmel/prog/nodejs/basic-app/server/lib/socketIo.js:52","lineNumber":52},
{"startTime":"2024-10-11T07:47:25.688Z","categoryName":"default","data":["Modul AppHeader.js ist nicht vorhanden",{"type":2,"nsp":"/","data":["AppHeader",{"callFunction":"init","payload":"Hallo vom Client"}]}],"level":"ERROR","functionName":"<anonymous>","fileName":"file:///home/gremmel/prog/nodejs/basic-app/server/lib/socketIo.js:65","lineNumber":65},
{"startTime":"2024-10-11T07:47:25.790Z","categoryName":"default","data":["Modul HomeView.js ist nicht vorhanden",{"type":2,"nsp":"/","data":["HomeView",{"callFunction":"init","payload":"hallo vom client"}]}],"level":"ERROR","functionName":"<anonymous>","fileName":"file:///home/gremmel/prog/nodejs/basic-app/server/lib/socketIo.js:65","lineNumber":65},
{"startTime":"2024-10-11T07:47:31.094Z","categoryName":"default","data":["Modul HomeView.js ist nicht vorhanden",{"type":2,"nsp":"/","data":["HomeView",{"callFunction":"init","payload":"hallo vom client"}]}],"level":"ERROR","functionName":"<anonymous>","fileName":"file:///home/gremmel/prog/nodejs/basic-app/server/lib/socketIo.js:65","lineNumber":65},
{"startTime":"2024-10-11T07:47:33.518Z","categoryName":"default","data":["client disconnect","8V8UEMij8FCLqBhxAAAB"],"level":"INFO","functionName":"<anonymous>","fileName":"file:///home/gremmel/prog/nodejs/basic-app/server/lib/socketIo.js:71","lineNumber":71},
{"startTime":"2024-10-11T07:47:33.647Z","categoryName":"default","data":["io connection","oZfIonFK6PElUNcGAAAD"],"level":"INFO","functionName":"<anonymous>","fileName":"file:///home/gremmel/prog/nodejs/basic-app/server/lib/socketIo.js:52","lineNumber":52},
{"startTime":"2024-10-11T07:47:33.677Z","categoryName":"default","data":["Modul AppHeader.js ist nicht vorhanden",{"type":2,"nsp":"/","data":["AppHeader",{"callFunction":"init","payload":"Hallo vom Client"}]}],"level":"ERROR","functionName":"<anonymous>","fileName":"file:///home/gremmel/prog/nodejs/basic-app/server/lib/socketIo.js:65","lineNumber":65},
{"startTime":"2024-10-11T07:47:33.780Z","categoryName":"default","data":["Modul HomeView.js ist nicht vorhanden",{"type":2,"nsp":"/","data":["HomeView",{"callFunction":"init","payload":"hallo vom client"}]}],"level":"ERROR","functionName":"<anonymous>","fileName":"file:///home/gremmel/prog/nodejs/basic-app/server/lib/socketIo.js:65","lineNumber":65},
{"startTime":"2024-10-11T07:48:01.628Z","categoryName":"default","data":["init express"],"level":"DEBUG","functionName":"","fileName":"file:///home/gremmel/prog/nodejs/basic-app/server/app.js:12","lineNumber":12},
{"startTime":"2024-10-11T07:48:01.631Z","categoryName":"default","data":["init socket IO"],"level":"DEBUG","functionName":"","fileName":"file:///home/gremmel/prog/nodejs/basic-app/server/app.js:17","lineNumber":17},
{"startTime":"2024-10-11T07:48:01.633Z","categoryName":"default","data":["App listening on port",3000],"level":"INFO","functionName":"<anonymous>","fileName":"file:///home/gremmel/prog/nodejs/basic-app/server/lib/express.js:27","lineNumber":27},
{"startTime":"2024-10-11T07:48:01.634Z","categoryName":"default","data":["require vueController","AppHeader.js"],"level":"INFO","functionName":"requireViewController","fileName":"file:///home/gremmel/prog/nodejs/basic-app/server/lib/socketIo.js:25","lineNumber":25},
{"startTime":"2024-10-11T07:48:01.638Z","categoryName":"default","data":["start in AppHeader"],"level":"INFO","functionName":"start","fileName":"file:///home/gremmel/prog/nodejs/basic-app/server/lib/vueController/AppHeader.js:9","lineNumber":9},
{"startTime":"2024-10-11T07:48:01.638Z","categoryName":"default","data":["require vueController","HomeView.js"],"level":"INFO","functionName":"requireViewController","fileName":"file:///home/gremmel/prog/nodejs/basic-app/server/lib/socketIo.js:25","lineNumber":25},
{"startTime":"2024-10-11T07:48:01.642Z","categoryName":"default","data":["start in HomeView"],"level":"INFO","functionName":"start","fileName":"file:///home/gremmel/prog/nodejs/basic-app/server/lib/vueController/HomeView.js:7","lineNumber":7},
{"startTime":"2024-10-11T07:48:04.049Z","categoryName":"default","data":["io connection","VkE_REG5rrEdQdL3AAAB"],"level":"INFO","functionName":"<anonymous>","fileName":"file:///home/gremmel/prog/nodejs/basic-app/server/lib/socketIo.js:52","lineNumber":52},
{"startTime":"2024-10-11T07:48:31.375Z","categoryName":"default","data":["init express"],"level":"DEBUG","functionName":"","fileName":"file:///home/gremmel/prog/nodejs/basic-app/server/app.js:12","lineNumber":12},
{"startTime":"2024-10-11T07:48:31.377Z","categoryName":"default","data":["init socket IO"],"level":"DEBUG","functionName":"","fileName":"file:///home/gremmel/prog/nodejs/basic-app/server/app.js:17","lineNumber":17},
{"startTime":"2024-10-11T07:48:31.380Z","categoryName":"default","data":["App listening on port",3000],"level":"INFO","functionName":"<anonymous>","fileName":"file:///home/gremmel/prog/nodejs/basic-app/server/lib/express.js:27","lineNumber":27},
{"startTime":"2024-10-11T07:48:31.380Z","categoryName":"default","data":["require vueController","AppHeader.js"],"level":"INFO","functionName":"requireViewController","fileName":"file:///home/gremmel/prog/nodejs/basic-app/server/lib/socketIo.js:25","lineNumber":25},
{"startTime":"2024-10-11T07:48:31.384Z","categoryName":"default","data":["start in AppHeader"],"level":"INFO","functionName":"start","fileName":"file:///home/gremmel/prog/nodejs/basic-app/server/lib/vueController/AppHeader.js:9","lineNumber":9},
{"startTime":"2024-10-11T07:48:31.385Z","categoryName":"default","data":["require vueController","HomeView.js"],"level":"INFO","functionName":"requireViewController","fileName":"file:///home/gremmel/prog/nodejs/basic-app/server/lib/socketIo.js:25","lineNumber":25},
{"startTime":"2024-10-11T07:48:31.388Z","categoryName":"default","data":["start in HomeView"],"level":"INFO","functionName":"start","fileName":"file:///home/gremmel/prog/nodejs/basic-app/server/lib/vueController/HomeView.js:7","lineNumber":7},
{"startTime":"2024-10-11T07:48:31.456Z","categoryName":"default","data":["io connection","HjYTLI3V1C28LN3pAAAB"],"level":"INFO","functionName":"<anonymous>","fileName":"file:///home/gremmel/prog/nodejs/basic-app/server/lib/socketIo.js:52","lineNumber":52},
{"startTime":"2024-10-11T07:48:37.846Z","categoryName":"default","data":["Funktion >init< in Modul >AppHeader< ist nicht vorhanden"],"level":"ERROR","functionName":"<anonymous>","fileName":"file:///home/gremmel/prog/nodejs/basic-app/server/lib/socketIo.js:62","lineNumber":62},
{"startTime":"2024-10-11T07:48:37.852Z","categoryName":"default","data":["Funktion >init< in Modul >HomeView< ist nicht vorhanden"],"level":"ERROR","functionName":"<anonymous>","fileName":"file:///home/gremmel/prog/nodejs/basic-app/server/lib/socketIo.js:62","lineNumber":62},
{"startTime":"2024-10-11T07:48:43.165Z","categoryName":"default","data":["client disconnect","HjYTLI3V1C28LN3pAAAB"],"level":"INFO","functionName":"<anonymous>","fileName":"file:///home/gremmel/prog/nodejs/basic-app/server/lib/socketIo.js:71","lineNumber":71},
{"startTime":"2024-10-11T07:48:43.297Z","categoryName":"default","data":["io connection","pIdMpSeuAaLnNWyqAAAD"],"level":"INFO","functionName":"<anonymous>","fileName":"file:///home/gremmel/prog/nodejs/basic-app/server/lib/socketIo.js:52","lineNumber":52},
{"startTime":"2024-10-11T07:48:43.327Z","categoryName":"default","data":["Funktion >init< in Modul >AppHeader< ist nicht vorhanden"],"level":"ERROR","functionName":"<anonymous>","fileName":"file:///home/gremmel/prog/nodejs/basic-app/server/lib/socketIo.js:62","lineNumber":62},
{"startTime":"2024-10-11T07:48:43.410Z","categoryName":"default","data":["Funktion >init< in Modul >HomeView< ist nicht vorhanden"],"level":"ERROR","functionName":"<anonymous>","fileName":"file:///home/gremmel/prog/nodejs/basic-app/server/lib/socketIo.js:62","lineNumber":62},
{"startTime":"2024-10-11T07:48:53.927Z","categoryName":"default","data":["client disconnect","pIdMpSeuAaLnNWyqAAAD"],"level":"INFO","functionName":"<anonymous>","fileName":"file:///home/gremmel/prog/nodejs/basic-app/server/lib/socketIo.js:71","lineNumber":71},
{"startTime":"2024-10-11T07:48:54.045Z","categoryName":"default","data":["io connection","QV0BmxfUhygxVWDEAAAF"],"level":"INFO","functionName":"<anonymous>","fileName":"file:///home/gremmel/prog/nodejs/basic-app/server/lib/socketIo.js:52","lineNumber":52},
{"startTime":"2024-10-11T07:49:57.095Z","categoryName":"default","data":["Funktion >init< in Modul >AppHeader< ist nicht vorhanden"],"level":"ERROR","functionName":"<anonymous>","fileName":"file:///home/gremmel/prog/nodejs/basic-app/server/lib/socketIo.js:62","lineNumber":62},
{"startTime":"2024-10-11T07:50:02.573Z","categoryName":"default","data":["io connection","wqCyP5QJ0gjMFDxRAAAI"],"level":"INFO","functionName":"<anonymous>","fileName":"file:///home/gremmel/prog/nodejs/basic-app/server/lib/socketIo.js:52","lineNumber":52},
{"startTime":"2024-10-11T07:50:45.801Z","categoryName":"default","data":["init express"],"level":"DEBUG","functionName":"","fileName":"file:///home/gremmel/prog/nodejs/basic-app/server/app.js:12","lineNumber":12},
{"startTime":"2024-10-11T07:50:45.803Z","categoryName":"default","data":["init socket IO"],"level":"DEBUG","functionName":"","fileName":"file:///home/gremmel/prog/nodejs/basic-app/server/app.js:17","lineNumber":17},
{"startTime":"2024-10-11T07:50:45.806Z","categoryName":"default","data":["App listening on port",3000],"level":"INFO","functionName":"<anonymous>","fileName":"file:///home/gremmel/prog/nodejs/basic-app/server/lib/express.js:27","lineNumber":27},
{"startTime":"2024-10-11T07:50:45.806Z","categoryName":"default","data":["require vueController","AppHeader.js"],"level":"INFO","functionName":"requireViewController","fileName":"file:///home/gremmel/prog/nodejs/basic-app/server/lib/socketIo.js:25","lineNumber":25},
{"startTime":"2024-10-11T07:50:45.809Z","categoryName":"default","data":["start in AppHeader"],"level":"INFO","functionName":"start","fileName":"file:///home/gremmel/prog/nodejs/basic-app/server/lib/vueController/AppHeader.js:9","lineNumber":9},
{"startTime":"2024-10-11T07:50:45.810Z","categoryName":"default","data":["require vueController","HomeView.js"],"level":"INFO","functionName":"requireViewController","fileName":"file:///home/gremmel/prog/nodejs/basic-app/server/lib/socketIo.js:25","lineNumber":25},
{"startTime":"2024-10-11T07:50:45.812Z","categoryName":"default","data":["start in HomeView"],"level":"INFO","functionName":"start","fileName":"file:///home/gremmel/prog/nodejs/basic-app/server/lib/vueController/HomeView.js:7","lineNumber":7},
{"startTime":"2024-10-11T07:50:53.013Z","categoryName":"default","data":["io connection","H0Uh3p1KJRDskOSdAAAB"],"level":"INFO","functionName":"<anonymous>","fileName":"file:///home/gremmel/prog/nodejs/basic-app/server/lib/socketIo.js:52","lineNumber":52},
{"startTime":"2024-10-11T07:50:53.022Z","categoryName":"default","data":[null],"level":"FATAL","functionName":"<anonymous>","fileName":"file:///home/gremmel/prog/nodejs/basic-app/server/lib/socketIo.js:59","lineNumber":59},
{"startTime":"2024-10-11T07:50:53.022Z","categoryName":"default","data":["Funktion >init< in Modul >AppHeader< ist nicht vorhanden"],"level":"ERROR","functionName":"<anonymous>","fileName":"file:///home/gremmel/prog/nodejs/basic-app/server/lib/socketIo.js:63","lineNumber":63},
{"startTime":"2024-10-11T07:50:53.125Z","categoryName":"default","data":[null],"level":"FATAL","functionName":"<anonymous>","fileName":"file:///home/gremmel/prog/nodejs/basic-app/server/lib/socketIo.js:59","lineNumber":59},
{"startTime":"2024-10-11T07:50:53.125Z","categoryName":"default","data":["Funktion >init< in Modul >HomeView< ist nicht vorhanden"],"level":"ERROR","functionName":"<anonymous>","fileName":"file:///home/gremmel/prog/nodejs/basic-app/server/lib/socketIo.js:63","lineNumber":63},
{"startTime":"2024-10-11T07:51:42.722Z","categoryName":"default","data":["init express"],"level":"DEBUG","functionName":"","fileName":"file:///home/gremmel/prog/nodejs/basic-app/server/app.js:12","lineNumber":12},
{"startTime":"2024-10-11T07:51:42.725Z","categoryName":"default","data":["init socket IO"],"level":"DEBUG","functionName":"","fileName":"file:///home/gremmel/prog/nodejs/basic-app/server/app.js:17","lineNumber":17},
{"startTime":"2024-10-11T07:51:42.727Z","categoryName":"default","data":["App listening on port",3000],"level":"INFO","functionName":"<anonymous>","fileName":"file:///home/gremmel/prog/nodejs/basic-app/server/lib/express.js:27","lineNumber":27},
{"startTime":"2024-10-11T07:51:42.728Z","categoryName":"default","data":["require vueController","AppHeader.js"],"level":"INFO","functionName":"requireViewController","fileName":"file:///home/gremmel/prog/nodejs/basic-app/server/lib/socketIo.js:25","lineNumber":25},
{"startTime":"2024-10-11T07:51:42.731Z","categoryName":"default","data":["start in AppHeader"],"level":"INFO","functionName":"start","fileName":"file:///home/gremmel/prog/nodejs/basic-app/server/lib/vueController/AppHeader.js:9","lineNumber":9},
{"startTime":"2024-10-11T07:51:42.731Z","categoryName":"default","data":["require vueController","HomeView.js"],"level":"INFO","functionName":"requireViewController","fileName":"file:///home/gremmel/prog/nodejs/basic-app/server/lib/socketIo.js:25","lineNumber":25},
{"startTime":"2024-10-11T07:51:42.734Z","categoryName":"default","data":["start in HomeView"],"level":"INFO","functionName":"start","fileName":"file:///home/gremmel/prog/nodejs/basic-app/server/lib/vueController/HomeView.js:7","lineNumber":7},
{"startTime":"2024-10-11T07:51:45.229Z","categoryName":"default","data":["io connection","QYGPJ3apvsqjBkChAAAB"],"level":"INFO","functionName":"<anonymous>","fileName":"file:///home/gremmel/prog/nodejs/basic-app/server/lib/socketIo.js:52","lineNumber":52},
{"startTime":"2024-10-11T07:52:28.806Z","categoryName":"default","data":["init express"],"level":"DEBUG","functionName":"","fileName":"file:///home/gremmel/prog/nodejs/basic-app/server/app.js:12","lineNumber":12},
{"startTime":"2024-10-11T07:52:28.809Z","categoryName":"default","data":["init socket IO"],"level":"DEBUG","functionName":"","fileName":"file:///home/gremmel/prog/nodejs/basic-app/server/app.js:17","lineNumber":17},
{"startTime":"2024-10-11T07:52:28.811Z","categoryName":"default","data":["App listening on port",3000],"level":"INFO","functionName":"<anonymous>","fileName":"file:///home/gremmel/prog/nodejs/basic-app/server/lib/express.js:27","lineNumber":27},
{"startTime":"2024-10-11T07:52:28.812Z","categoryName":"default","data":["require vueController","AppHeader.js"],"level":"INFO","functionName":"requireViewController","fileName":"file:///home/gremmel/prog/nodejs/basic-app/server/lib/socketIo.js:25","lineNumber":25},
{"startTime":"2024-10-11T07:52:28.815Z","categoryName":"default","data":["start in AppHeader"],"level":"INFO","functionName":"start","fileName":"file:///home/gremmel/prog/nodejs/basic-app/server/lib/vueController/AppHeader.js:9","lineNumber":9},
{"startTime":"2024-10-11T07:52:28.815Z","categoryName":"default","data":["require vueController","HomeView.js"],"level":"INFO","functionName":"requireViewController","fileName":"file:///home/gremmel/prog/nodejs/basic-app/server/lib/socketIo.js:25","lineNumber":25},
{"startTime":"2024-10-11T07:52:28.818Z","categoryName":"default","data":["start in HomeView"],"level":"INFO","functionName":"start","fileName":"file:///home/gremmel/prog/nodejs/basic-app/server/lib/vueController/HomeView.js:7","lineNumber":7},
{"startTime":"2024-10-11T07:52:31.876Z","categoryName":"default","data":["io connection","zGeaglJyyfk3s2mDAAAB"],"level":"INFO","functionName":"<anonymous>","fileName":"file:///home/gremmel/prog/nodejs/basic-app/server/lib/socketIo.js:52","lineNumber":52},
{"startTime":"2024-10-11T07:57:54.295Z","categoryName":"default","data":["init express"],"level":"DEBUG","functionName":"","fileName":"file:///home/gremmel/prog/nodejs/basic-app/server/app.js:12","lineNumber":12},
{"startTime":"2024-10-11T07:57:54.298Z","categoryName":"default","data":["init socket IO"],"level":"DEBUG","functionName":"","fileName":"file:///home/gremmel/prog/nodejs/basic-app/server/app.js:17","lineNumber":17},
{"startTime":"2024-10-11T07:57:54.300Z","categoryName":"default","data":["App listening on port",3000],"level":"INFO","functionName":"<anonymous>","fileName":"file:///home/gremmel/prog/nodejs/basic-app/server/lib/express.js:27","lineNumber":27},
{"startTime":"2024-10-11T07:57:54.301Z","categoryName":"default","data":["require vueController","AppHeader.js"],"level":"INFO","functionName":"requireViewController","fileName":"file:///home/gremmel/prog/nodejs/basic-app/server/lib/socketIo.js:25","lineNumber":25},
{"startTime":"2024-10-11T07:57:54.305Z","categoryName":"default","data":["start in AppHeader"],"level":"INFO","functionName":"start","fileName":"file:///home/gremmel/prog/nodejs/basic-app/server/lib/vueController/AppHeader.js:9","lineNumber":9},
{"startTime":"2024-10-11T07:57:54.305Z","categoryName":"default","data":["require vueController","HomeView.js"],"level":"INFO","functionName":"requireViewController","fileName":"file:///home/gremmel/prog/nodejs/basic-app/server/lib/socketIo.js:25","lineNumber":25},
{"startTime":"2024-10-11T07:57:54.307Z","categoryName":"default","data":["start in HomeView"],"level":"INFO","functionName":"start","fileName":"file:///home/gremmel/prog/nodejs/basic-app/server/lib/vueController/HomeView.js:7","lineNumber":7},
{"startTime":"2024-10-11T07:57:56.720Z","categoryName":"default","data":["io connection","lvvBWzV_aiBKqpyeAAAB"],"level":"INFO","functionName":"<anonymous>","fileName":"file:///home/gremmel/prog/nodejs/basic-app/server/lib/socketIo.js:52","lineNumber":52},
{"startTime":"2024-10-11T07:58:30.223Z","categoryName":"default","data":["init express"],"level":"DEBUG","functionName":"","fileName":"file:///home/gremmel/prog/nodejs/basic-app/server/app.js:12","lineNumber":12},
{"startTime":"2024-10-11T07:58:30.226Z","categoryName":"default","data":["init socket IO"],"level":"DEBUG","functionName":"","fileName":"file:///home/gremmel/prog/nodejs/basic-app/server/app.js:17","lineNumber":17},
{"startTime":"2024-10-11T07:58:30.228Z","categoryName":"default","data":["App listening on port",3000],"level":"INFO","functionName":"<anonymous>","fileName":"file:///home/gremmel/prog/nodejs/basic-app/server/lib/express.js:27","lineNumber":27},
{"startTime":"2024-10-11T07:58:30.229Z","categoryName":"default","data":["require vueController","AppHeader.js"],"level":"INFO","functionName":"requireViewController","fileName":"file:///home/gremmel/prog/nodejs/basic-app/server/lib/socketIo.js:25","lineNumber":25},
{"startTime":"2024-10-11T07:58:30.232Z","categoryName":"default","data":["start in AppHeader"],"level":"INFO","functionName":"start","fileName":"file:///home/gremmel/prog/nodejs/basic-app/server/lib/vueController/AppHeader.js:9","lineNumber":9},
{"startTime":"2024-10-11T07:58:30.232Z","categoryName":"default","data":["require vueController","HomeView.js"],"level":"INFO","functionName":"requireViewController","fileName":"file:///home/gremmel/prog/nodejs/basic-app/server/lib/socketIo.js:25","lineNumber":25},
{"startTime":"2024-10-11T07:58:30.236Z","categoryName":"default","data":["start in HomeView"],"level":"INFO","functionName":"start","fileName":"file:///home/gremmel/prog/nodejs/basic-app/server/lib/vueController/HomeView.js:7","lineNumber":7},
{"startTime":"2024-10-11T07:58:30.509Z","categoryName":"default","data":["io connection","huwaZ__pYKWL9i8bAAAB"],"level":"INFO","functionName":"<anonymous>","fileName":"file:///home/gremmel/prog/nodejs/basic-app/server/lib/socketIo.js:52","lineNumber":52},
{"startTime":"2024-10-11T08:01:10.168Z","categoryName":"default","data":["init express"],"level":"DEBUG","functionName":"","fileName":"file:///home/gremmel/prog/nodejs/basic-app/server/app.js:12","lineNumber":12},
{"startTime":"2024-10-11T08:01:10.171Z","categoryName":"default","data":["init socket IO"],"level":"DEBUG","functionName":"","fileName":"file:///home/gremmel/prog/nodejs/basic-app/server/app.js:17","lineNumber":17},
{"startTime":"2024-10-11T08:01:10.174Z","categoryName":"default","data":["App listening on port",3000],"level":"INFO","functionName":"<anonymous>","fileName":"file:///home/gremmel/prog/nodejs/basic-app/server/lib/express.js:27","lineNumber":27},
{"startTime":"2024-10-11T08:01:10.174Z","categoryName":"default","data":["require vueController","AppHeader.js"],"level":"INFO","functionName":"requireViewController","fileName":"file:///home/gremmel/prog/nodejs/basic-app/server/lib/socketIo.js:25","lineNumber":25},
{"startTime":"2024-10-11T08:01:10.178Z","categoryName":"default","data":["start in AppHeader"],"level":"INFO","functionName":"start","fileName":"file:///home/gremmel/prog/nodejs/basic-app/server/lib/vueController/AppHeader.js:9","lineNumber":9},
{"startTime":"2024-10-11T08:01:10.178Z","categoryName":"default","data":["require vueController","HomeView.js"],"level":"INFO","functionName":"requireViewController","fileName":"file:///home/gremmel/prog/nodejs/basic-app/server/lib/socketIo.js:25","lineNumber":25},
{"startTime":"2024-10-11T08:01:10.182Z","categoryName":"default","data":["start in HomeView"],"level":"INFO","functionName":"start","fileName":"file:///home/gremmel/prog/nodejs/basic-app/server/lib/vueController/HomeView.js:7","lineNumber":7},
{"startTime":"2024-10-11T08:01:11.964Z","categoryName":"default","data":["io connection","8GbI0fw9Sjkez2x6AAAB"],"level":"INFO","functionName":"<anonymous>","fileName":"file:///home/gremmel/prog/nodejs/basic-app/server/lib/socketIo.js:52","lineNumber":52},
{"startTime":"2024-10-11T08:01:11.975Z","categoryName":"default","data":["init","Hallo vom Client"],"level":"DEBUG","functionName":"init","fileName":"file:///home/gremmel/prog/nodejs/basic-app/server/lib/vueController/AppHeader.js:13","lineNumber":13},
{"startTime":"2024-10-11T08:01:11.978Z","categoryName":"default","data":["init","hallo vom client"],"level":"DEBUG","functionName":"init","fileName":"file:///home/gremmel/prog/nodejs/basic-app/server/lib/vueController/HomeView.js:11","lineNumber":11},
{"startTime":"2024-10-11T08:01:12.256Z","categoryName":"default","data":["client disconnect","8GbI0fw9Sjkez2x6AAAB"],"level":"INFO","functionName":"<anonymous>","fileName":"file:///home/gremmel/prog/nodejs/basic-app/server/lib/socketIo.js:72","lineNumber":72},
{"startTime":"2024-10-11T08:01:12.386Z","categoryName":"default","data":["io connection","RoXqAd5rDRDzSy9-AAAD"],"level":"INFO","functionName":"<anonymous>","fileName":"file:///home/gremmel/prog/nodejs/basic-app/server/lib/socketIo.js:52","lineNumber":52},
{"startTime":"2024-10-11T08:01:12.396Z","categoryName":"default","data":["init","Hallo vom Client"],"level":"DEBUG","functionName":"init","fileName":"file:///home/gremmel/prog/nodejs/basic-app/server/lib/vueController/AppHeader.js:13","lineNumber":13},
{"startTime":"2024-10-11T08:01:12.399Z","categoryName":"default","data":["init","hallo vom client"],"level":"DEBUG","functionName":"init","fileName":"file:///home/gremmel/prog/nodejs/basic-app/server/lib/vueController/HomeView.js:11","lineNumber":11},
{"startTime":"2024-10-11T08:01:22.338Z","categoryName":"default","data":["init","hallo vom client"],"level":"DEBUG","functionName":"init","fileName":"file:///home/gremmel/prog/nodejs/basic-app/server/lib/vueController/HomeView.js:11","lineNumber":11},
{"startTime":"2024-10-11T08:01:36.428Z","categoryName":"default","data":["init express"],"level":"DEBUG","functionName":"","fileName":"file:///home/gremmel/prog/nodejs/basic-app/server/app.js:12","lineNumber":12},
{"startTime":"2024-10-11T08:01:36.431Z","categoryName":"default","data":["init socket IO"],"level":"DEBUG","functionName":"","fileName":"file:///home/gremmel/prog/nodejs/basic-app/server/app.js:17","lineNumber":17},
{"startTime":"2024-10-11T08:01:36.433Z","categoryName":"default","data":["App listening on port",3000],"level":"INFO","functionName":"<anonymous>","fileName":"file:///home/gremmel/prog/nodejs/basic-app/server/lib/express.js:27","lineNumber":27},
{"startTime":"2024-10-11T08:01:36.434Z","categoryName":"default","data":["require vueController","AppHeader.js"],"level":"INFO","functionName":"requireViewController","fileName":"file:///home/gremmel/prog/nodejs/basic-app/server/lib/socketIo.js:25","lineNumber":25},
{"startTime":"2024-10-11T08:01:36.435Z","categoryName":"default","data":["start in AppHeader"],"level":"INFO","functionName":"start","fileName":"file:///home/gremmel/prog/nodejs/basic-app/server/lib/vueController/AppHeader.js:9","lineNumber":9},
{"startTime":"2024-10-11T08:01:36.435Z","categoryName":"default","data":["require vueController","HomeView.js"],"level":"INFO","functionName":"requireViewController","fileName":"file:///home/gremmel/prog/nodejs/basic-app/server/lib/socketIo.js:25","lineNumber":25},
{"startTime":"2024-10-11T08:01:36.437Z","categoryName":"default","data":["start in HomeView"],"level":"INFO","functionName":"start","fileName":"file:///home/gremmel/prog/nodejs/basic-app/server/lib/vueController/HomeView.js:7","lineNumber":7},
{"startTime":"2024-10-11T08:01:39.355Z","categoryName":"default","data":["io connection","JD1lmHNu_exkDx_aAAAB"],"level":"INFO","functionName":"<anonymous>","fileName":"file:///home/gremmel/prog/nodejs/basic-app/server/lib/socketIo.js:52","lineNumber":52},
{"startTime":"2024-10-11T08:01:39.368Z","categoryName":"default","data":["init","Hallo vom Client"],"level":"DEBUG","functionName":"init","fileName":"file:///home/gremmel/prog/nodejs/basic-app/server/lib/vueController/AppHeader.js:13","lineNumber":13},
{"startTime":"2024-10-11T08:01:39.372Z","categoryName":"default","data":["init","hallo vom client"],"level":"DEBUG","functionName":"init","fileName":"file:///home/gremmel/prog/nodejs/basic-app/server/lib/vueController/HomeView.js:11","lineNumber":11},
{"startTime":"2024-10-11T08:06:18.218Z","categoryName":"default","data":["init express"],"level":"DEBUG","functionName":"","fileName":"file:///home/gremmel/prog/nodejs/basic-app/server/app.js:11","lineNumber":11},
{"startTime":"2024-10-11T08:06:18.221Z","categoryName":"default","data":["init socket IO"],"level":"DEBUG","functionName":"","fileName":"file:///home/gremmel/prog/nodejs/basic-app/server/app.js:16","lineNumber":16},
{"startTime":"2024-10-11T08:06:18.223Z","categoryName":"default","data":["App listening on port",3000],"level":"INFO","functionName":"<anonymous>","fileName":"file:///home/gremmel/prog/nodejs/basic-app/server/lib/express.js:27","lineNumber":27},
{"startTime":"2024-10-11T08:06:18.224Z","categoryName":"default","data":["require vueController","AppHeader.js"],"level":"INFO","functionName":"requireViewController","fileName":"file:///home/gremmel/prog/nodejs/basic-app/server/lib/socketIo.js:25","lineNumber":25},
{"startTime":"2024-10-11T08:06:18.226Z","categoryName":"default","data":["start in AppHeader"],"level":"INFO","functionName":"start","fileName":"file:///home/gremmel/prog/nodejs/basic-app/server/lib/vueController/AppHeader.js:9","lineNumber":9},
{"startTime":"2024-10-11T08:06:18.226Z","categoryName":"default","data":["require vueController","HomeView.js"],"level":"INFO","functionName":"requireViewController","fileName":"file:///home/gremmel/prog/nodejs/basic-app/server/lib/socketIo.js:25","lineNumber":25},
{"startTime":"2024-10-11T08:06:18.229Z","categoryName":"default","data":["start in HomeView"],"level":"INFO","functionName":"start","fileName":"file:///home/gremmel/prog/nodejs/basic-app/server/lib/vueController/HomeView.js:7","lineNumber":7},
{"startTime":"2024-10-11T08:06:20.389Z","categoryName":"default","data":["io connection","ru-kP4vjr0GzBaYKAAAB"],"level":"INFO","functionName":"<anonymous>","fileName":"file:///home/gremmel/prog/nodejs/basic-app/server/lib/socketIo.js:52","lineNumber":52},
{"startTime":"2024-10-11T08:06:20.401Z","categoryName":"default","data":["init","Hallo vom Client"],"level":"DEBUG","functionName":"init","fileName":"file:///home/gremmel/prog/nodejs/basic-app/server/lib/vueController/AppHeader.js:13","lineNumber":13},
{"startTime":"2024-10-11T08:06:20.406Z","categoryName":"default","data":["init","hallo vom client"],"level":"DEBUG","functionName":"init","fileName":"file:///home/gremmel/prog/nodejs/basic-app/server/lib/vueController/HomeView.js:11","lineNumber":11},
{"startTime":"2024-10-11T08:13:09.215Z","categoryName":"default","data":["init express"],"level":"DEBUG","functionName":"","fileName":"file:///home/gremmel/prog/nodejs/basic-app/server/app.js:11","lineNumber":11},
{"startTime":"2024-10-11T08:13:09.217Z","categoryName":"default","data":["init socket IO"],"level":"DEBUG","functionName":"","fileName":"file:///home/gremmel/prog/nodejs/basic-app/server/app.js:16","lineNumber":16},
{"startTime":"2024-10-11T08:13:09.220Z","categoryName":"default","data":["App listening on port",3000],"level":"INFO","functionName":"<anonymous>","fileName":"file:///home/gremmel/prog/nodejs/basic-app/server/lib/express.js:27","lineNumber":27},
{"startTime":"2024-10-11T08:13:09.221Z","categoryName":"default","data":["require vueController","AppHeader.js"],"level":"INFO","functionName":"requireViewController","fileName":"file:///home/gremmel/prog/nodejs/basic-app/server/lib/socketIo.js:25","lineNumber":25},
{"startTime":"2024-10-11T08:13:09.222Z","categoryName":"default","data":["start in AppHeader"],"level":"INFO","functionName":"start","fileName":"file:///home/gremmel/prog/nodejs/basic-app/server/lib/vueController/AppHeader.js:9","lineNumber":9},
{"startTime":"2024-10-11T08:13:09.222Z","categoryName":"default","data":["require vueController","HomeView.js"],"level":"INFO","functionName":"requireViewController","fileName":"file:///home/gremmel/prog/nodejs/basic-app/server/lib/socketIo.js:25","lineNumber":25},
{"startTime":"2024-10-11T08:13:09.225Z","categoryName":"default","data":["start in HomeView"],"level":"INFO","functionName":"start","fileName":"file:///home/gremmel/prog/nodejs/basic-app/server/lib/vueController/HomeView.js:7","lineNumber":7},
{"startTime":"2024-10-11T08:13:10.176Z","categoryName":"default","data":["io connection","S2H2o-UbGIR92kA9AAAB"],"level":"INFO","functionName":"<anonymous>","fileName":"file:///home/gremmel/prog/nodejs/basic-app/server/lib/socketIo.js:52","lineNumber":52},
{"startTime":"2024-10-11T08:13:10.195Z","categoryName":"default","data":["init","Hallo vom Client"],"level":"DEBUG","functionName":"init","fileName":"file:///home/gremmel/prog/nodejs/basic-app/server/lib/vueController/AppHeader.js:13","lineNumber":13},
{"startTime":"2024-10-11T08:13:10.199Z","categoryName":"default","data":["init","hallo vom client"],"level":"DEBUG","functionName":"init","fileName":"file:///home/gremmel/prog/nodejs/basic-app/server/lib/vueController/HomeView.js:11","lineNumber":11},
{"startTime":"2024-10-11T08:51:31.312Z","categoryName":"default","data":["init express"],"level":"DEBUG","functionName":"","fileName":"file:///home/gremmel/prog/nodejs/basic-app/server/app.js:9","lineNumber":9},
{"startTime":"2024-10-11T08:51:31.314Z","categoryName":"default","data":["init socket IO"],"level":"DEBUG","functionName":"","fileName":"file:///home/gremmel/prog/nodejs/basic-app/server/app.js:14","lineNumber":14},
{"startTime":"2024-10-11T08:51:31.317Z","categoryName":"default","data":["App listening on port",3000],"level":"INFO","functionName":"<anonymous>","fileName":"file:///home/gremmel/prog/nodejs/basic-app/server/lib/express.js:25","lineNumber":25},
{"startTime":"2024-10-11T08:51:31.317Z","categoryName":"default","data":["require vueController","AppHeader.js"],"level":"INFO","functionName":"requireViewController","fileName":"file:///home/gremmel/prog/nodejs/basic-app/server/lib/socketIo.js:23","lineNumber":23},
{"startTime":"2024-10-11T08:51:31.318Z","categoryName":"default","data":["start in AppHeader"],"level":"INFO","functionName":"start","fileName":"file:///home/gremmel/prog/nodejs/basic-app/server/lib/vueController/AppHeader.js:7","lineNumber":7},
{"startTime":"2024-10-11T08:51:31.319Z","categoryName":"default","data":["require vueController","HomeView.js"],"level":"INFO","functionName":"requireViewController","fileName":"file:///home/gremmel/prog/nodejs/basic-app/server/lib/socketIo.js:23","lineNumber":23},
{"startTime":"2024-10-11T08:51:31.321Z","categoryName":"default","data":["start in HomeView"],"level":"INFO","functionName":"start","fileName":"file:///home/gremmel/prog/nodejs/basic-app/server/lib/vueController/HomeView.js:5","lineNumber":5},
{"startTime":"2024-10-11T08:58:22.502Z","categoryName":"default","data":["init express"],"level":"DEBUG","functionName":"","fileName":"file:///home/gremmel/prog/nodejs/basic-app/server/app.js:9","lineNumber":9},
{"startTime":"2024-10-11T08:58:22.504Z","categoryName":"default","data":["init socket IO"],"level":"DEBUG","functionName":"","fileName":"file:///home/gremmel/prog/nodejs/basic-app/server/app.js:14","lineNumber":14},
{"startTime":"2024-10-11T08:58:22.507Z","categoryName":"default","data":["App listening on port",3000],"level":"INFO","functionName":"<anonymous>","fileName":"file:///home/gremmel/prog/nodejs/basic-app/server/lib/express.js:25","lineNumber":25},
{"startTime":"2024-10-11T08:58:22.507Z","categoryName":"default","data":["require vueController","AppHeader.js"],"level":"INFO","functionName":"requireViewController","fileName":"file:///home/gremmel/prog/nodejs/basic-app/server/lib/socketIo.js:23","lineNumber":23},
{"startTime":"2024-10-11T08:58:22.508Z","categoryName":"default","data":["start in AppHeader"],"level":"INFO","functionName":"start","fileName":"file:///home/gremmel/prog/nodejs/basic-app/server/lib/vueController/AppHeader.js:7","lineNumber":7},
{"startTime":"2024-10-11T08:58:22.509Z","categoryName":"default","data":["require vueController","HomeView.js"],"level":"INFO","functionName":"requireViewController","fileName":"file:///home/gremmel/prog/nodejs/basic-app/server/lib/socketIo.js:23","lineNumber":23},
{"startTime":"2024-10-11T08:58:22.509Z","categoryName":"default","data":["start in HomeView"],"level":"INFO","functionName":"start","fileName":"file:///home/gremmel/prog/nodejs/basic-app/server/lib/vueController/HomeView.js:5","lineNumber":5},
{"startTime":"2024-10-11T09:06:28.429Z","categoryName":"default","data":["init express"],"level":"DEBUG","functionName":"","fileName":"file:///home/gremmel/prog/nodejs/basic-app/server/app.js:9","lineNumber":9},
{"startTime":"2024-10-11T09:06:28.432Z","categoryName":"default","data":["init socket IO"],"level":"DEBUG","functionName":"","fileName":"file:///home/gremmel/prog/nodejs/basic-app/server/app.js:14","lineNumber":14},
{"startTime":"2024-10-11T09:06:28.434Z","categoryName":"default","data":["App listening on port",3000],"level":"INFO","functionName":"<anonymous>","fileName":"file:///home/gremmel/prog/nodejs/basic-app/server/lib/express.js:25","lineNumber":25},
{"startTime":"2024-10-11T09:06:28.434Z","categoryName":"default","data":["require vueController","AppHeader.js"],"level":"INFO","functionName":"importViewController","fileName":"file:///home/gremmel/prog/nodejs/basic-app/server/lib/socketIo.js:20","lineNumber":20},
{"startTime":"2024-10-11T09:06:28.436Z","categoryName":"default","data":["start in AppHeader"],"level":"INFO","functionName":"start","fileName":"file:///home/gremmel/prog/nodejs/basic-app/server/lib/vueController/AppHeader.js:7","lineNumber":7},
{"startTime":"2024-10-11T09:06:28.436Z","categoryName":"default","data":["require vueController","HomeView.js"],"level":"INFO","functionName":"importViewController","fileName":"file:///home/gremmel/prog/nodejs/basic-app/server/lib/socketIo.js:20","lineNumber":20},
{"startTime":"2024-10-11T09:06:28.436Z","categoryName":"default","data":["start in HomeView"],"level":"INFO","functionName":"start","fileName":"file:///home/gremmel/prog/nodejs/basic-app/server/lib/vueController/HomeView.js:5","lineNumber":5},
{"startTime":"2024-10-11T09:17:21.637Z","categoryName":"default","data":["start in HomeView"],"level":"INFO","functionName":"start","fileName":"file:///home/gremmel/prog/nodejs/basic-app/server/lib/vueController/HomeView.js:5","lineNumber":5},
{"startTime":"2024-10-11T09:17:21.670Z","categoryName":"default","data":["init express"],"level":"DEBUG","functionName":"","fileName":"file:///home/gremmel/prog/nodejs/basic-app/server/app.js:9","lineNumber":9},
{"startTime":"2024-10-11T09:17:21.671Z","categoryName":"default","data":["init socket IO"],"level":"DEBUG","functionName":"","fileName":"file:///home/gremmel/prog/nodejs/basic-app/server/app.js:14","lineNumber":14},
{"startTime":"2024-10-11T09:17:21.673Z","categoryName":"default","data":["App listening on port",3000],"level":"INFO","functionName":"<anonymous>","fileName":"file:///home/gremmel/prog/nodejs/basic-app/server/lib/express.js:25","lineNumber":25},
{"startTime":"2024-10-11T09:17:26.853Z","categoryName":"default","data":["io connection","DORsmlv2zn4IphB3AAAB"],"level":"INFO","functionName":"<anonymous>","fileName":"file:///home/gremmel/prog/nodejs/basic-app/server/lib/socketIo.js:34","lineNumber":34},
{"startTime":"2024-10-11T09:18:20.824Z","categoryName":"default","data":["start in HomeView"],"level":"INFO","functionName":"start","fileName":"file:///home/gremmel/prog/nodejs/basic-app/server/lib/vueController/HomeView.js:5","lineNumber":5},
{"startTime":"2024-10-11T09:18:20.863Z","categoryName":"default","data":["init express"],"level":"DEBUG","functionName":"","fileName":"file:///home/gremmel/prog/nodejs/basic-app/server/app.js:9","lineNumber":9},
{"startTime":"2024-10-11T09:18:20.864Z","categoryName":"default","data":["init socket IO"],"level":"DEBUG","functionName":"","fileName":"file:///home/gremmel/prog/nodejs/basic-app/server/app.js:14","lineNumber":14},
{"startTime":"2024-10-11T09:18:20.866Z","categoryName":"default","data":["App listening on port",3000],"level":"INFO","functionName":"<anonymous>","fileName":"file:///home/gremmel/prog/nodejs/basic-app/server/lib/express.js:25","lineNumber":25},
{"startTime":"2024-10-11T09:18:34.905Z","categoryName":"default","data":["io connection","0hJ85JFHVtlUK89OAAAB"],"level":"INFO","functionName":"<anonymous>","fileName":"file:///home/gremmel/prog/nodejs/basic-app/server/lib/socketIo.js:34","lineNumber":34},
{"startTime":"2024-10-11T09:18:48.662Z","categoryName":"default","data":["start in HomeView"],"level":"INFO","functionName":"start","fileName":"file:///home/gremmel/prog/nodejs/basic-app/server/lib/vueController/HomeView.js:5","lineNumber":5},
{"startTime":"2024-10-11T09:18:48.687Z","categoryName":"default","data":["init express"],"level":"DEBUG","functionName":"","fileName":"file:///home/gremmel/prog/nodejs/basic-app/server/app.js:9","lineNumber":9},
{"startTime":"2024-10-11T09:18:48.688Z","categoryName":"default","data":["init socket IO"],"level":"DEBUG","functionName":"","fileName":"file:///home/gremmel/prog/nodejs/basic-app/server/app.js:14","lineNumber":14},
{"startTime":"2024-10-11T09:18:48.691Z","categoryName":"default","data":["App listening on port",3000],"level":"INFO","functionName":"<anonymous>","fileName":"file:///home/gremmel/prog/nodejs/basic-app/server/lib/express.js:25","lineNumber":25},
{"startTime":"2024-10-11T09:19:05.047Z","categoryName":"default","data":["io connection","SXpOd-P7BZK-hM-lAAAB"],"level":"INFO","functionName":"<anonymous>","fileName":"file:///home/gremmel/prog/nodejs/basic-app/server/lib/socketIo.js:34","lineNumber":34},
{"startTime":"2024-10-11T09:19:13.321Z","categoryName":"default","data":["client disconnect","SXpOd-P7BZK-hM-lAAAB"],"level":"INFO","functionName":"<anonymous>","fileName":"file:///home/gremmel/prog/nodejs/basic-app/server/lib/socketIo.js:38","lineNumber":38},
{"startTime":"2024-10-11T09:19:22.731Z","categoryName":"default","data":["io connection","G7k_hsb31DplS93aAAAD"],"level":"INFO","functionName":"<anonymous>","fileName":"file:///home/gremmel/prog/nodejs/basic-app/server/lib/socketIo.js:34","lineNumber":34},
{"startTime":"2024-10-11T09:19:51.312Z","categoryName":"default","data":["start in HomeView"],"level":"INFO","functionName":"start","fileName":"file:///home/gremmel/prog/nodejs/basic-app/server/lib/vueController/HomeView.js:5","lineNumber":5},
{"startTime":"2024-10-11T09:19:51.326Z","categoryName":"default","data":["init express"],"level":"DEBUG","functionName":"","fileName":"file:///home/gremmel/prog/nodejs/basic-app/server/app.js:9","lineNumber":9},
{"startTime":"2024-10-11T09:19:51.327Z","categoryName":"default","data":["init socket IO"],"level":"DEBUG","functionName":"","fileName":"file:///home/gremmel/prog/nodejs/basic-app/server/app.js:14","lineNumber":14},
{"startTime":"2024-10-11T09:19:51.330Z","categoryName":"default","data":["App listening on port",3000],"level":"INFO","functionName":"<anonymous>","fileName":"file:///home/gremmel/prog/nodejs/basic-app/server/lib/express.js:25","lineNumber":25},
{"startTime":"2024-10-11T09:19:53.527Z","categoryName":"default","data":["io connection","P-czhnciPtMW6UYyAAAB"],"level":"INFO","functionName":"<anonymous>","fileName":"file:///home/gremmel/prog/nodejs/basic-app/server/lib/socketIo.js:34","lineNumber":34},
{"startTime":"2024-10-11T09:21:55.808Z","categoryName":"default","data":["start in HomeView"],"level":"INFO","functionName":"start","fileName":"file:///home/gremmel/prog/nodejs/basic-app/server/lib/vueController/HomeView.js:5","lineNumber":5},
{"startTime":"2024-10-11T09:21:55.837Z","categoryName":"default","data":["init express"],"level":"DEBUG","functionName":"","fileName":"file:///home/gremmel/prog/nodejs/basic-app/server/app.js:9","lineNumber":9},
{"startTime":"2024-10-11T09:21:55.837Z","categoryName":"default","data":["init socket IO"],"level":"DEBUG","functionName":"","fileName":"file:///home/gremmel/prog/nodejs/basic-app/server/app.js:14","lineNumber":14},
{"startTime":"2024-10-11T09:21:55.840Z","categoryName":"default","data":["App listening on port",3000],"level":"INFO","functionName":"<anonymous>","fileName":"file:///home/gremmel/prog/nodejs/basic-app/server/lib/express.js:25","lineNumber":25},
{"startTime":"2024-10-11T09:22:00.128Z","categoryName":"default","data":["io connection","Y77Wbny34zC0vR--AAAB"],"level":"INFO","functionName":"<anonymous>","fileName":"file:///home/gremmel/prog/nodejs/basic-app/server/lib/socketIo.js:38","lineNumber":38},
{"startTime":"2024-10-11T09:22:45.745Z","categoryName":"default","data":["start in HomeView"],"level":"INFO","functionName":"start","fileName":"file:///home/gremmel/prog/nodejs/basic-app/server/lib/vueController/HomeView.js:5","lineNumber":5},
{"startTime":"2024-10-11T09:22:45.747Z","categoryName":"default","data":["init express"],"level":"DEBUG","functionName":"","fileName":"file:///home/gremmel/prog/nodejs/basic-app/server/app.js:9","lineNumber":9},
{"startTime":"2024-10-11T09:22:45.747Z","categoryName":"default","data":["init socket IO"],"level":"DEBUG","functionName":"","fileName":"file:///home/gremmel/prog/nodejs/basic-app/server/app.js:14","lineNumber":14},
{"startTime":"2024-10-11T09:22:45.750Z","categoryName":"default","data":["App listening on port",3000],"level":"INFO","functionName":"<anonymous>","fileName":"file:///home/gremmel/prog/nodejs/basic-app/server/lib/express.js:25","lineNumber":25},
{"startTime":"2024-10-11T09:22:49.224Z","categoryName":"default","data":["io connection","18NZmy3FF9Jjp4-mAAAB"],"level":"INFO","functionName":"<anonymous>","fileName":"file:///home/gremmel/prog/nodejs/basic-app/server/lib/socketIo.js:38","lineNumber":38},
{"startTime":"2024-10-11T09:22:49.348Z","categoryName":"default","data":["init","hallo vom client"],"level":"DEBUG","functionName":"init","fileName":"file:///home/gremmel/prog/nodejs/basic-app/server/lib/vueController/HomeView.js:9","lineNumber":9},
{"startTime":"2024-10-11T09:25:27.321Z","categoryName":"default","data":["start in HomeView"],"level":"INFO","functionName":"start","fileName":"file:///home/gremmel/prog/nodejs/basic-app/server/lib/vueController/HomeView.js:5","lineNumber":5},
{"startTime":"2024-10-11T09:25:27.322Z","categoryName":"default","data":["init express"],"level":"DEBUG","functionName":"","fileName":"file:///home/gremmel/prog/nodejs/basic-app/server/app.js:9","lineNumber":9},
{"startTime":"2024-10-11T09:25:27.323Z","categoryName":"default","data":["init socket IO"],"level":"DEBUG","functionName":"","fileName":"file:///home/gremmel/prog/nodejs/basic-app/server/app.js:14","lineNumber":14},
{"startTime":"2024-10-11T09:25:27.326Z","categoryName":"default","data":["App listening on port",3000],"level":"INFO","functionName":"<anonymous>","fileName":"file:///home/gremmel/prog/nodejs/basic-app/server/lib/express.js:25","lineNumber":25},
{"startTime":"2024-10-14T14:49:39.651Z","categoryName":"default","data":["start in HomeView"],"level":"INFO","functionName":"start","fileName":"file:///home/gremmel/prog/nodejs/7-vereine-sportfest/server/lib/vueController/HomeView.js:5","lineNumber":5},
{"startTime":"2024-10-14T14:49:39.653Z","categoryName":"default","data":["init express"],"level":"DEBUG","functionName":"","fileName":"file:///home/gremmel/prog/nodejs/7-vereine-sportfest/server/app.js:13","lineNumber":13},
{"startTime":"2024-10-14T14:49:39.654Z","categoryName":"default","data":[{"type":"Buffer","data":[123,10,32,32,34,101,120,112,114,101,115,115,34,58,32,123,10,32,32,32,32,34,112,111,114,116,34,58,32,51,48,48,48,10,32,32,125,10,125]}],"level":"FATAL","functionName":"init","fileName":"file:///home/gremmel/prog/nodejs/7-vereine-sportfest/server/lib/express.js:17","lineNumber":17},
{"startTime":"2024-10-14T14:49:39.655Z","categoryName":"default","data":["init socket IO"],"level":"DEBUG","functionName":"","fileName":"file:///home/gremmel/prog/nodejs/7-vereine-sportfest/server/app.js:18","lineNumber":18},
{"startTime":"2024-10-14T14:49:39.657Z","categoryName":"default","data":["App listening on port",3000],"level":"INFO","functionName":"<anonymous>","fileName":"file:///home/gremmel/prog/nodejs/7-vereine-sportfest/server/lib/express.js:27","lineNumber":27},
{"startTime":"2024-10-14T14:50:58.045Z","categoryName":"default","data":["start in HomeView"],"level":"INFO","functionName":"start","fileName":"file:///home/gremmel/prog/nodejs/7-vereine-sportfest/server/lib/vueController/HomeView.js:5","lineNumber":5},
{"startTime":"2024-10-14T14:50:58.047Z","categoryName":"default","data":["init express"],"level":"DEBUG","functionName":"","fileName":"file:///home/gremmel/prog/nodejs/7-vereine-sportfest/server/app.js:13","lineNumber":13},
{"startTime":"2024-10-14T14:50:58.047Z","categoryName":"default","data":["{\n  \"express\": {\n    \"port\": 3000\n  }\n}"],"level":"FATAL","functionName":"init","fileName":"file:///home/gremmel/prog/nodejs/7-vereine-sportfest/server/lib/express.js:17","lineNumber":17},
{"startTime":"2024-10-14T14:50:58.048Z","categoryName":"default","data":["init socket IO"],"level":"DEBUG","functionName":"","fileName":"file:///home/gremmel/prog/nodejs/7-vereine-sportfest/server/app.js:18","lineNumber":18},
{"startTime":"2024-10-14T14:50:58.050Z","categoryName":"default","data":["App listening on port",3000],"level":"INFO","functionName":"<anonymous>","fileName":"file:///home/gremmel/prog/nodejs/7-vereine-sportfest/server/lib/express.js:27","lineNumber":27},
{"startTime":"2024-10-14T14:53:19.348Z","categoryName":"default","data":["start in HomeView"],"level":"INFO","functionName":"start","fileName":"file:///home/gremmel/prog/nodejs/7-vereine-sportfest/server/lib/vueController/HomeView.js:5","lineNumber":5},
{"startTime":"2024-10-14T14:53:19.363Z","categoryName":"default","data":["init express"],"level":"DEBUG","functionName":"","fileName":"file:///home/gremmel/prog/nodejs/7-vereine-sportfest/server/app.js:13","lineNumber":13},
{"startTime":"2024-10-14T14:53:19.363Z","categoryName":"default","data":["{\n  \"express\": {\n    \"port\": 3000\n  }\n}"],"level":"FATAL","functionName":"init","fileName":"file:///home/gremmel/prog/nodejs/7-vereine-sportfest/server/lib/express.js:17","lineNumber":17},
{"startTime":"2024-10-14T14:53:19.364Z","categoryName":"default","data":["init socket IO"],"level":"DEBUG","functionName":"","fileName":"file:///home/gremmel/prog/nodejs/7-vereine-sportfest/server/app.js:18","lineNumber":18},
{"startTime":"2024-10-14T14:53:19.366Z","categoryName":"default","data":["App listening on port",3000],"level":"INFO","functionName":"<anonymous>","fileName":"file:///home/gremmel/prog/nodejs/7-vereine-sportfest/server/lib/express.js:27","lineNumber":27},
{"startTime":"2024-10-14T14:54:17.531Z","categoryName":"default","data":["start in HomeView"],"level":"INFO","functionName":"start","fileName":"file:///home/gremmel/prog/nodejs/7-vereine-sportfest/server/lib/vueController/HomeView.js:5","lineNumber":5},
{"startTime":"2024-10-14T14:54:17.546Z","categoryName":"default","data":["init express"],"level":"DEBUG","functionName":"","fileName":"file:///home/gremmel/prog/nodejs/7-vereine-sportfest/server/app.js:13","lineNumber":13},
{"startTime":"2024-10-14T14:54:17.546Z","categoryName":"default","data":["{\n  \"express\": {\n    \"port\": 3000\n  }\n}"],"level":"FATAL","functionName":"init","fileName":"file:///home/gremmel/prog/nodejs/7-vereine-sportfest/server/lib/express.js:17","lineNumber":17},
{"startTime":"2024-10-14T14:54:17.547Z","categoryName":"default","data":["init socket IO"],"level":"DEBUG","functionName":"","fileName":"file:///home/gremmel/prog/nodejs/7-vereine-sportfest/server/app.js:18","lineNumber":18},
{"startTime":"2024-10-14T14:54:17.549Z","categoryName":"default","data":["App listening on port",3000],"level":"INFO","functionName":"<anonymous>","fileName":"file:///home/gremmel/prog/nodejs/7-vereine-sportfest/server/lib/express.js:31","lineNumber":31},
{"startTime":"2024-10-14T14:54:26.862Z","categoryName":"default","data":["start in HomeView"],"level":"INFO","functionName":"start","fileName":"file:///home/gremmel/prog/nodejs/7-vereine-sportfest/server/lib/vueController/HomeView.js:5","lineNumber":5},
{"startTime":"2024-10-14T14:54:26.879Z","categoryName":"default","data":["init express"],"level":"DEBUG","functionName":"","fileName":"file:///home/gremmel/prog/nodejs/7-vereine-sportfest/server/app.js:13","lineNumber":13},
{"startTime":"2024-10-14T14:54:26.880Z","categoryName":"default","data":["{\n  \"express\": {\n    \"port\": 3001\n  }\n}"],"level":"FATAL","functionName":"init","fileName":"file:///home/gremmel/prog/nodejs/7-vereine-sportfest/server/lib/express.js:17","lineNumber":17},
{"startTime":"2024-10-14T14:54:26.881Z","categoryName":"default","data":["init socket IO"],"level":"DEBUG","functionName":"","fileName":"file:///home/gremmel/prog/nodejs/7-vereine-sportfest/server/app.js:18","lineNumber":18},
{"startTime":"2024-10-14T14:54:26.883Z","categoryName":"default","data":["App listening on port",3000],"level":"INFO","functionName":"<anonymous>","fileName":"file:///home/gremmel/prog/nodejs/7-vereine-sportfest/server/lib/express.js:31","lineNumber":31},
{"startTime":"2024-10-14T14:58:59.432Z","categoryName":"default","data":["start in HomeView"],"level":"INFO","functionName":"start","fileName":"file:///home/gremmel/prog/nodejs/7-vereine-sportfest/server/lib/vueController/HomeView.js:5","lineNumber":5},
{"startTime":"2024-10-14T14:58:59.453Z","categoryName":"default","data":["init express"],"level":"DEBUG","functionName":"","fileName":"file:///home/gremmel/prog/nodejs/7-vereine-sportfest/server/app.js:15","lineNumber":15},
{"startTime":"2024-10-14T14:58:59.453Z","categoryName":"default","data":[{"express":{"port":3001}}],"level":"FATAL","functionName":"init","fileName":"file:///home/gremmel/prog/nodejs/7-vereine-sportfest/server/lib/express.js:17","lineNumber":17},
{"startTime":"2024-10-14T14:59:14.977Z","categoryName":"default","data":["init socket IO"],"level":"DEBUG","functionName":"","fileName":"file:///home/gremmel/prog/nodejs/7-vereine-sportfest/server/app.js:20","lineNumber":20},
{"startTime":"2024-10-14T14:59:14.981Z","categoryName":"default","data":["App listening on port",3001],"level":"INFO","functionName":"<anonymous>","fileName":"file:///home/gremmel/prog/nodejs/7-vereine-sportfest/server/lib/express.js:31","lineNumber":31},
{"startTime":"2024-10-14T14:59:33.274Z","categoryName":"default","data":["start in HomeView"],"level":"INFO","functionName":"start","fileName":"file:///home/gremmel/prog/nodejs/7-vereine-sportfest/server/lib/vueController/HomeView.js:5","lineNumber":5},
{"startTime":"2024-10-14T14:59:33.289Z","categoryName":"default","data":["init express"],"level":"DEBUG","functionName":"","fileName":"file:///home/gremmel/prog/nodejs/7-vereine-sportfest/server/app.js:15","lineNumber":15},
{"startTime":"2024-10-14T14:59:33.289Z","categoryName":"default","data":[{"express":{"port":3001}}],"level":"FATAL","functionName":"init","fileName":"file:///home/gremmel/prog/nodejs/7-vereine-sportfest/server/lib/express.js:17","lineNumber":17},
{"startTime":"2024-10-14T14:59:33.290Z","categoryName":"default","data":["init socket IO"],"level":"DEBUG","functionName":"","fileName":"file:///home/gremmel/prog/nodejs/7-vereine-sportfest/server/app.js:20","lineNumber":20},
{"startTime":"2024-10-14T14:59:33.293Z","categoryName":"default","data":["App listening on port",3001],"level":"INFO","functionName":"<anonymous>","fileName":"file:///home/gremmel/prog/nodejs/7-vereine-sportfest/server/lib/express.js:31","lineNumber":31},
{"startTime":"2024-10-14T14:59:41.814Z","categoryName":"default","data":["start in HomeView"],"level":"INFO","functionName":"start","fileName":"file:///home/gremmel/prog/nodejs/7-vereine-sportfest/server/lib/vueController/HomeView.js:5","lineNumber":5},
{"startTime":"2024-10-14T14:59:41.830Z","categoryName":"default","data":["init express"],"level":"DEBUG","functionName":"","fileName":"file:///home/gremmel/prog/nodejs/7-vereine-sportfest/server/app.js:15","lineNumber":15},
{"startTime":"2024-10-14T14:59:41.830Z","categoryName":"default","data":[{"express":{"port":3000}}],"level":"FATAL","functionName":"init","fileName":"file:///home/gremmel/prog/nodejs/7-vereine-sportfest/server/lib/express.js:17","lineNumber":17},
{"startTime":"2024-10-14T14:59:41.831Z","categoryName":"default","data":["init socket IO"],"level":"DEBUG","functionName":"","fileName":"file:///home/gremmel/prog/nodejs/7-vereine-sportfest/server/app.js:20","lineNumber":20},
{"startTime":"2024-10-14T14:59:41.833Z","categoryName":"default","data":["App listening on port",3000],"level":"INFO","functionName":"<anonymous>","fileName":"file:///home/gremmel/prog/nodejs/7-vereine-sportfest/server/lib/express.js:31","lineNumber":31},
